<?xml version="1.0" encoding="UTF-8"?>
<beans xmlns="http://www.springframework.org/schema/beans"
       xmlns:xsi="http://www.w3.org/2001/XMLSchema-instance"
       xmlns:int="http://www.springframework.org/schema/integration"
       xmlns:file="http://www.springframework.org/schema/integration/file"
       xmlns:context="http://www.springframework.org/schema/context"
       xmlns:task="http://www.springframework.org/schema/task"
       xmlns:tx="http://www.springframework.org/schema/tx"
       xmlns:jpa="http://www.springframework.org/schema/data/jpa"
       xmlns:aop="http://www.springframework.org/schema/aop"
       xsi:schemaLocation="http://www.springframework.org/schema/beans http://www.springframework.org/schema/beans/spring-beans.xsd
                http://www.springframework.org/schema/tx http://www.springframework.org/schema/tx/spring-tx.xsd
                http://www.springframework.org/schema/data/jpa http://www.springframework.org/schema/data/jpa/spring-jpa.xsd
		http://www.springframework.org/schema/integration/file http://www.springframework.org/schema/integration/file/spring-integration-file.xsd
		http://www.springframework.org/schema/integration http://www.springframework.org/schema/integration/spring-integration.xsd
                http://www.springframework.org/schema/context http://www.springframework.org/schema/context/spring-context-3.0.xsd
                http://www.springframework.org/schema/aop http://www.springframework.org/schema/aop/spring-aop-3.0.xsd
                http://www.springframework.org/schema/task http://www.springframework.org/schema/task/spring-task-3.0.xsd">  

    
    <context:component-scan base-package="cat.marfeel.qualify.resr" />
    <context:component-scan base-package="cat.marfeel.qualify.future" />
    <context:component-scan base-package="cat.marfeel.qualify.persistence" />
    
    <bean id="marfeelQualificationInst" class="cat.marfeel.qualify.qualifier.MarfeelQualificationInst" />
    
    <!--Properties -->
    
    <bean id="placeholderConfig" class="org.springframework.beans.factory.config.PropertyPlaceholderConfigurer" >
        <property name="locations">
            <list>
                <value>classpath:db.properties</value>
            </list>
        </property>
        <property name="ignoreUnresolvablePlaceholders" value="true"/>
    </bean>
    
    <!--DataSource -->
    
    <bean id="jpaDialect" class="org.springframework.orm.jpa.vendor.HibernateJpaDialect" />
    
    <bean id="entityManager" name="entityManager" class="org.springframework.orm.jpa.LocalContainerEntityManagerFactoryBean">
        <property name="dataSource" ref="dataSource" />
        <property name="jpaVendorAdapter">
            <bean id="jpaAdapter" class="org.springframework.orm.jpa.vendor.HibernateJpaVendorAdapter" />
        </property>
        <property name="jpaProperties">
            <props>
                <prop key="hibernate.dialect">org.hibernate.dialect.MySQLDialect</prop>
                <prop key="hibernate.show_sql">true</prop>
            </props>
        </property>
       
        <property name="packagesToScan" value="cat.marfeel.qualify.model" />
        <property name="jpaDialect" ref="jpaDialect"/>
    </bean>
    
    <tx:annotation-driven transaction-manager="txManager" />
    
    <bean id="persistenceExceptionTranslationPostProcessor" class="org.springframework.dao.annotation.PersistenceExceptionTranslationPostProcessor" />
    
    
    <bean id="txManager"  class="org.springframework.orm.jpa.JpaTransactionManager">
        <property name="entityManagerFactory" ref="entityManager" />
        <property name="dataSource" ref="dataSource" />
        <property name="jpaDialect" ref="jpaDialect" />
    </bean>

   
    <bean id="dataSource" class="org.springframework.jdbc.datasource.DriverManagerDataSource">
        <property name="driverClassName" value="${database.driver}" />
        <property name="url" value="${database.url}" />
        <property name="username" value="${database.user}" />
        <property name="password" value="${database.password}" />
    </bean>       


   

</beans>